<?xml version="1.0" encoding="UTF-8"?>
<!-- Generated by org.testng.reporters.JUnitXMLReporter -->
<testsuite ignored="26" hostname="LPT-0919" failures="0" tests="7" name="Test" time="0.113" errors="0" timestamp="17 Mar 2021 09:43:24 GMT">
  <testcase classname="com.aeli.qa.base.TestBase" name="@BeforeMethod initialization" time="0.008">
    <failure type="java.lang.NullPointerException">
      <![CDATA[java.lang.NullPointerException
at com.aeli.qa.base.TestBase.initialization(TestBase.java:96)
... Removed 31 stack frames]]>
    </failure>
  </testcase> <!-- @BeforeMethod initialization -->
  <testcase classname="com.aeli.qa.base.TestBase" name="@AfterMethod getResult" time="0.0">
    <skipped/>
  </testcase> <!-- @AfterMethod getResult -->
  <testcase classname="com.aeli.qa.base.TestBase" name="@BeforeMethod initialization" time="0.0">
    <skipped/>
  </testcase> <!-- @BeforeMethod initialization -->
  <testcase classname="com.aeli.qa.base.TestBase" name="@AfterMethod getResult" time="0.0">
    <skipped/>
  </testcase> <!-- @AfterMethod getResult -->
  <testcase classname="com.aeli.qa.base.TestBase" name="@BeforeMethod initialization" time="0.001">
    <failure type="java.lang.NullPointerException">
      <![CDATA[java.lang.NullPointerException
at com.aeli.qa.base.TestBase.initialization(TestBase.java:96)
... Removed 31 stack frames]]>
    </failure>
  </testcase> <!-- @BeforeMethod initialization -->
  <testcase classname="com.aeli.qa.base.TestBase" name="@AfterMethod getResult" time="0.0">
    <skipped/>
  </testcase> <!-- @AfterMethod getResult -->
  <testcase classname="com.aeli.qa.base.TestBase" name="@BeforeMethod initialization" time="0.0">
    <failure type="java.lang.NullPointerException">
      <![CDATA[java.lang.NullPointerException
at com.aeli.qa.base.TestBase.initialization(TestBase.java:96)
... Removed 31 stack frames]]>
    </failure>
  </testcase> <!-- @BeforeMethod initialization -->
  <testcase classname="com.aeli.qa.base.TestBase" name="@AfterMethod getResult" time="0.0">
    <skipped/>
  </testcase> <!-- @AfterMethod getResult -->
  <testcase classname="com.aeli.qa.base.TestBase" name="@BeforeMethod initialization" time="0.0">
    <failure type="java.lang.NullPointerException">
      <![CDATA[java.lang.NullPointerException
at com.aeli.qa.base.TestBase.initialization(TestBase.java:96)
... Removed 31 stack frames]]>
    </failure>
  </testcase> <!-- @BeforeMethod initialization -->
  <testcase classname="com.aeli.qa.base.TestBase" name="@AfterMethod getResult" time="0.0">
    <skipped/>
  </testcase> <!-- @AfterMethod getResult -->
  <testcase classname="com.aeli.qa.base.TestBase" name="@BeforeMethod initialization" time="0.0">
    <failure type="java.lang.NullPointerException">
      <![CDATA[java.lang.NullPointerException
at com.aeli.qa.base.TestBase.initialization(TestBase.java:96)
... Removed 31 stack frames]]>
    </failure>
  </testcase> <!-- @BeforeMethod initialization -->
  <testcase classname="com.aeli.qa.base.TestBase" name="@AfterMethod getResult" time="0.0">
    <skipped/>
  </testcase> <!-- @AfterMethod getResult -->
  <testcase classname="com.aeli.qa.base.TestBase" name="@BeforeMethod initialization" time="0.0">
    <failure type="java.lang.NullPointerException">
      <![CDATA[java.lang.NullPointerException
at com.aeli.qa.base.TestBase.initialization(TestBase.java:96)
... Removed 31 stack frames]]>
    </failure>
  </testcase> <!-- @BeforeMethod initialization -->
  <testcase classname="com.aeli.qa.base.TestBase" name="@AfterMethod getResult" time="0.0">
    <skipped/>
  </testcase> <!-- @AfterMethod getResult -->
  <testcase classname="com.aeli.qa.testcases.NewProjectPageTest" name="validateAddNewProjectTest" time="0.0">
    <skipped/>
  </testcase> <!-- validateAddNewProjectTest -->
  <testcase classname="com.aeli.qa.testcases.NewProjectPageTest" name="validateAddNewKMProjectTest" time="0.0">
    <skipped/>
  </testcase> <!-- validateAddNewKMProjectTest -->
  <testcase classname="com.aeli.qa.testcases.ImportPageTest" name="validateImportProjectTest" time="0.0">
    <skipped/>
  </testcase> <!-- validateImportProjectTest -->
  <testcase classname="com.aeli.qa.testcases.ClonePageTest" name="validateCloingProjectTest" time="0.0">
    <skipped/>
  </testcase> <!-- validateCloingProjectTest -->
  <testcase classname="com.aeli.qa.testcases.UserPageTest" name="validateCreateTATest" time="0.0">
    <skipped/>
  </testcase> <!-- validateCreateTATest -->
  <testcase classname="com.aeli.qa.testcases.ProjectsPageTest" name="validateDownloadExportProjectTest" time="0.0">
    <skipped/>
  </testcase> <!-- validateDownloadExportProjectTest -->
  <testcase classname="com.aeli.qa.testcases.IntentPageTest" name="validateCreatingIntentTest" time="0.0">
    <skipped/>
  </testcase> <!-- validateCreatingIntentTest -->
  <testcase classname="com.aeli.qa.base.TestBase" name="@AfterTest endReport" time="0.0">
    <ignored/>
  </testcase> <!-- @AfterTest endReport -->
  <testcase classname="com.aeli.qa.base.TestBase" name="@AfterTest endReport" time="0.0">
    <ignored/>
  </testcase> <!-- @AfterTest endReport -->
  <testcase classname="com.aeli.qa.base.TestBase" name="@AfterTest endReport" time="0.0">
    <ignored/>
  </testcase> <!-- @AfterTest endReport -->
  <testcase classname="com.aeli.qa.base.TestBase" name="@AfterTest endReport" time="0.0">
    <ignored/>
  </testcase> <!-- @AfterTest endReport -->
  <testcase classname="com.aeli.qa.base.TestBase" name="@AfterTest endReport" time="0.0">
    <ignored/>
  </testcase> <!-- @AfterTest endReport -->
  <testcase classname="com.aeli.qa.base.TestBase" name="@AfterTest endReport" time="0.0">
    <ignored/>
  </testcase> <!-- @AfterTest endReport -->
  <testcase classname="com.aeli.qa.base.TestBase" name="@AfterTest endReport" time="0.0">
    <ignored/>
  </testcase> <!-- @AfterTest endReport -->
  <testcase classname="com.aeli.qa.base.TestBase" name="@AfterTest endReport" time="0.0">
    <ignored/>
  </testcase> <!-- @AfterTest endReport -->
  <testcase classname="com.aeli.qa.base.TestBase" name="@AfterTest endReport" time="0.0">
    <ignored/>
  </testcase> <!-- @AfterTest endReport -->
  <testcase classname="com.aeli.qa.base.TestBase" name="@AfterTest endReport" time="0.0">
    <ignored/>
  </testcase> <!-- @AfterTest endReport -->
  <testcase classname="com.aeli.qa.base.TestBase" name="@AfterTest endReport" time="0.0">
    <ignored/>
  </testcase> <!-- @AfterTest endReport -->
  <testcase classname="com.aeli.qa.base.TestBase" name="@AfterTest endReport" time="0.0">
    <ignored/>
  </testcase> <!-- @AfterTest endReport -->
  <testcase classname="com.aeli.qa.base.TestBase" name="@AfterTest endReport" time="0.0">
    <ignored/>
  </testcase> <!-- @AfterTest endReport -->
  <testcase classname="com.aeli.qa.base.TestBase" name="@BeforeTest startReport" time="0.0">
    <ignored/>
  </testcase> <!-- @BeforeTest startReport -->
  <testcase classname="com.aeli.qa.base.TestBase" name="@BeforeTest startReport" time="0.0">
    <ignored/>
  </testcase> <!-- @BeforeTest startReport -->
  <testcase classname="com.aeli.qa.base.TestBase" name="@BeforeTest startReport" time="0.0">
    <ignored/>
  </testcase> <!-- @BeforeTest startReport -->
  <testcase classname="com.aeli.qa.base.TestBase" name="@BeforeTest startReport" time="0.0">
    <ignored/>
  </testcase> <!-- @BeforeTest startReport -->
  <testcase classname="com.aeli.qa.base.TestBase" name="@BeforeTest startReport" time="0.0">
    <ignored/>
  </testcase> <!-- @BeforeTest startReport -->
  <testcase classname="com.aeli.qa.base.TestBase" name="@BeforeTest startReport" time="0.0">
    <ignored/>
  </testcase> <!-- @BeforeTest startReport -->
  <testcase classname="com.aeli.qa.base.TestBase" name="@BeforeTest startReport" time="0.0">
    <ignored/>
  </testcase> <!-- @BeforeTest startReport -->
  <testcase classname="com.aeli.qa.base.TestBase" name="@BeforeTest startReport" time="0.0">
    <ignored/>
  </testcase> <!-- @BeforeTest startReport -->
  <testcase classname="com.aeli.qa.base.TestBase" name="@BeforeTest startReport" time="0.0">
    <ignored/>
  </testcase> <!-- @BeforeTest startReport -->
  <testcase classname="com.aeli.qa.base.TestBase" name="@BeforeTest startReport" time="0.0">
    <ignored/>
  </testcase> <!-- @BeforeTest startReport -->
  <testcase classname="com.aeli.qa.base.TestBase" name="@BeforeTest startReport" time="0.0">
    <ignored/>
  </testcase> <!-- @BeforeTest startReport -->
  <testcase classname="com.aeli.qa.base.TestBase" name="@BeforeTest startReport" time="0.0">
    <ignored/>
  </testcase> <!-- @BeforeTest startReport -->
  <testcase classname="com.aeli.qa.base.TestBase" name="@BeforeTest startReport" time="0.0">
    <ignored/>
  </testcase> <!-- @BeforeTest startReport -->
</testsuite> <!-- Test -->
